#
# There is insufficient memory for the Java Runtime Environment to continue.
# Native memory allocation (malloc) failed to allocate 46661632 bytes for committing reserved memory.
# Possible reasons:
#   The system is out of physical RAM or swap space
#   In 32 bit mode, the process size limit was hit
# Possible solutions:
#   Reduce memory load on the system
#   Increase physical memory or swap space
#   Check if swap backing store is full
#   Use 64 bit Java on a 64 bit OS
#   Decrease Java heap size (-Xmx/-Xms)
#   Decrease number of Java threads
#   Decrease Java thread stack sizes (-Xss)
#   Set larger code cache with -XX:ReservedCodeCacheSize=
# This output file may be truncated or incomplete.
#
#  Out of Memory Error (os_linux.cpp:2798), pid=29734, tid=140448325666560
#
# JRE version: OpenJDK Runtime Environment (7.0_65-b32) (build 1.7.0_65-b32)
# Java VM: OpenJDK 64-Bit Server VM (24.65-b04 mixed mode linux-amd64 compressed oops)
# Derivative: IcedTea 2.5.3
# Distribution: Ubuntu 14.04 LTS, package 7u71-2.5.3-0ubuntu0.14.04.1
# Failed to write core dump. Core dumps have been disabled. To enable core dumping, try "ulimit -c unlimited" before starting Java again
#

---------------  T H R E A D  ---------------

Current thread (0x00007fbcb0075800):  VMThread [stack: 0x00007fbcac7f8000,0x00007fbcac8f9000] [id=29757]

Stack: [0x00007fbcac7f8000,0x00007fbcac8f9000],  sp=0x00007fbcac8f7490,  free space=1021k
Native frames: (J=compiled Java code, j=interpreted, Vv=VM code, C=native code)
V  [libjvm.so+0x948b05]  VMError::report_and_die()+0x175
V  [libjvm.so+0x48bc34]  report_vm_out_of_memory(char const*, int, unsigned long, char const*)+0x74
V  [libjvm.so+0x7c7bfb]  os::pd_commit_memory(char*, unsigned long, unsigned long, bool)+0xeb
V  [libjvm.so+0x7c26bf]  os::commit_memory(char*, unsigned long, unsigned long, bool)+0x1f
V  [libjvm.so+0x833e4b]  PSVirtualSpace::expand_by(unsigned long)+0x5b
V  [libjvm.so+0x834ca0]  PSYoungGen::resize_generation(unsigned long, unsigned long)+0xb0
V  [libjvm.so+0x83538b]  PSYoungGen::resize(unsigned long, unsigned long)+0x1b
V  [libjvm.so+0x831670]  PSScavenge::invoke_no_policy()+0xde0
V  [libjvm.so+0x831e48]  PSScavenge::invoke()+0x38
V  [libjvm.so+0x7e8823]  ParallelScavengeHeap::failed_mem_allocate(unsigned long)+0x63
V  [libjvm.so+0x94a504]  VM_ParallelGCFailedAllocation::doit()+0x84
V  [libjvm.so+0x94e9f7]  VM_Operation::evaluate()+0x47
V  [libjvm.so+0x94d368]  VMThread::evaluate_operation(VM_Operation*)+0x318
V  [libjvm.so+0x94d7c9]  VMThread::loop()+0x219
V  [libjvm.so+0x94dc12]  VMThread::run()+0x72
V  [libjvm.so+0x7c4ac2]  java_start(Thread*)+0xf2

VM_Operation (0x00007fbcba2e0d00): ParallelGCFailedAllocation, mode: safepoint, requested by thread 0x00007fbcb000a000


---------------  P R O C E S S  ---------------

Java Threads: ( => current thread )
  0x00007fbcb00b0000 JavaThread "Service Thread" daemon [_thread_blocked, id=29764, stack(0x00007fbc8fbfc000,0x00007fbc8fcfd000)]
  0x00007fbcb00ae000 JavaThread "C2 CompilerThread1" daemon [_thread_blocked, id=29763, stack(0x00007fbc8fcfd000,0x00007fbc8fdfe000)]
  0x00007fbcb00ab000 JavaThread "C2 CompilerThread0" daemon [_thread_blocked, id=29762, stack(0x00007fbc8fdfe000,0x00007fbc8feff000)]
  0x00007fbcb00a8800 JavaThread "Signal Dispatcher" daemon [_thread_blocked, id=29761, stack(0x00007fbc8feff000,0x00007fbc90000000)]
  0x00007fbcb007b800 JavaThread "Finalizer" daemon [_thread_blocked, id=29759, stack(0x00007fbcac5f6000,0x00007fbcac6f7000)]
  0x00007fbcb0079800 JavaThread "Reference Handler" daemon [_thread_blocked, id=29758, stack(0x00007fbcac6f7000,0x00007fbcac7f8000)]
  0x00007fbcb000a000 JavaThread "main" [_thread_blocked, id=29752, stack(0x00007fbcba1e3000,0x00007fbcba2e4000)]

Other Threads:
=>0x00007fbcb0075800 VMThread [stack: 0x00007fbcac7f8000,0x00007fbcac8f9000] [id=29757]
  0x00007fbcb00b3000 WatcherThread [stack: 0x00007fbc8fafb000,0x00007fbc8fbfc000] [id=29765]

VM state:at safepoint (normal execution)

VM Mutex/Monitor currently owned by a thread:  ([mutex/lock_event])
[0x00007fbcb0006500] Threads_lock - owner thread: 0x00007fbcb0075800
[0x00007fbcb0006a00] Heap_lock - owner thread: 0x00007fbcb000a000

Heap
 PSYoungGen      total 73216K, used 5104K [0x00000000f2200000, 0x00000000f6f00000, 0x0000000100000000)
  eden space 68096K, 0% used [0x00000000f2200000,0x00000000f2200000,0x00000000f6480000)
  from space 5120K, 99% used [0x00000000f6480000,0x00000000f697c020,0x00000000f6980000)
  to   space 4608K, 0% used [0x00000000f6980000,0x00000000f6980000,0x00000000f6e00000)
 ParOldGen       total 20992K, used 11018K [0x00000000d6600000, 0x00000000d7a80000, 0x00000000f2200000)
  object space 20992K, 52% used [0x00000000d6600000,0x00000000d70c2908,0x00000000d7a80000)
 PSPermGen       total 21504K, used 17860K [0x00000000cc000000, 0x00000000cd500000, 0x00000000d6600000)
  object space 21504K, 83% used [0x00000000cc000000,0x00000000cd171048,0x00000000cd500000)

Card table byte_map: [0x00007fbcb6c96000,0x00007fbcb6e37000] byte_map_base: 0x00007fbcb6636000

Polling page: 0x00007fbcba311000

Code Cache  [0x00007fbcad000000, 0x00007fbcad270000, 0x00007fbcb0000000)
 total_blobs=713 nmethods=431 adapters=236 free_code_cache=47731Kb largest_free_block=48843904

Compilation events (10 events):
Event: 28.743 Thread 0x00007fbcb00ae000 nmethod 449 0x00007fbcad166250 code [0x00007fbcad1663a0, 0x00007fbcad166748]
Event: 28.743 Thread 0x00007fbcb00ab000 nmethod 450 0x00007fbcad0f1bd0 code [0x00007fbcad0f1d20, 0x00007fbcad0f20c8]
Event: 28.777 Thread 0x00007fbcb00ae000  451             java.lang.String::getChars (16 bytes)
Event: 28.780 Thread 0x00007fbcb00ae000 nmethod 451 0x00007fbcad0e6ed0 code [0x00007fbcad0e7020, 0x00007fbcad0e70f8]
Event: 28.783 Thread 0x00007fbcb00ab000  452             java.lang.String::concat (47 bytes)
Event: 28.799 Thread 0x00007fbcb00ab000 nmethod 452 0x00007fbcad0f1490 code [0x00007fbcad0f1600, 0x00007fbcad0f1978]
Event: 28.873 Thread 0x00007fbcb00ae000  453  s          java.util.Hashtable::get (70 bytes)
Event: 28.893 Thread 0x00007fbcb00ae000 nmethod 453 0x00007fbcad1674d0 code [0x00007fbcad167640, 0x00007fbcad167d18]
Event: 29.101 Thread 0x00007fbcb00ab000  454             java.util.concurrent.ConcurrentHashMap::putIfAbsent (79 bytes)
Event: 29.113 Thread 0x00007fbcb00ab000 nmethod 454 0x00007fbcad0f0e90 code [0x00007fbcad0f1000, 0x00007fbcad0f1248]

GC Heap History (10 events):
Event: 10.109 GC heap after
Heap after GC invocations=4 (full 0):
 PSYoungGen      total 18432K, used 992K [0x00000000f2200000, 0x00000000f3500000, 0x0000000100000000)
  eden space 17408K, 0% used [0x00000000f2200000,0x00000000f2200000,0x00000000f3300000)
  from space 1024K, 96% used [0x00000000f3400000,0x00000000f34f8020,0x00000000f3500000)
  to   space 1024K, 0% used [0x00000000f3300000,0x00000000f3300000,0x00000000f3400000)
 ParOldGen       total 20992K, used 3697K [0x00000000d6600000, 0x00000000d7a80000, 0x00000000f2200000)
  object space 20992K, 17% used [0x00000000d6600000,0x00000000d699c748,0x00000000d7a80000)
 PSPermGen       total 21504K, used 8226K [0x00000000cc000000, 0x00000000cd500000, 0x00000000d6600000)
  object space 21504K, 38% used [0x00000000cc000000,0x00000000cc808820,0x00000000cd500000)
}
Event: 12.045 GC heap before
{Heap before GC invocations=5 (full 0):
 PSYoungGen      total 18432K, used 18400K [0x00000000f2200000, 0x00000000f3500000, 0x0000000100000000)
  eden space 17408K, 100% used [0x00000000f2200000,0x00000000f3300000,0x00000000f3300000)
  from space 1024K, 96% used [0x00000000f3400000,0x00000000f34f8020,0x00000000f3500000)
  to   space 1024K, 0% used [0x00000000f3300000,0x00000000f3300000,0x00000000f3400000)
 ParOldGen       total 20992K, used 3697K [0x00000000d6600000, 0x00000000d7a80000, 0x00000000f2200000)
  object space 20992K, 17% used [0x00000000d6600000,0x00000000d699c748,0x00000000d7a80000)
 PSPermGen       total 21504K, used 10154K [0x00000000cc000000, 0x00000000cd500000, 0x00000000d6600000)
  object space 21504K, 47% used [0x00000000cc000000,0x00000000cc9eab78,0x00000000cd500000)
Event: 12.070 GC heap after
Heap after GC invocations=5 (full 0):
 PSYoungGen      total 18432K, used 1024K [0x00000000f2200000, 0x00000000f4a00000, 0x0000000100000000)
  eden space 17408K, 0% used [0x00000000f2200000,0x00000000f2200000,0x00000000f3300000)
  from space 1024K, 100% used [0x00000000f3300000,0x00000000f3400000,0x00000000f3400000)
  to   space 3072K, 0% used [0x00000000f4700000,0x00000000f4700000,0x00000000f4a00000)
 ParOldGen       total 20992K, used 5440K [0x00000000d6600000, 0x00000000d7a80000, 0x00000000f2200000)
  object space 20992K, 25% used [0x00000000d6600000,0x00000000d6b50198,0x00000000d7a80000)
 PSPermGen       total 21504K, used 10154K [0x00000000cc000000, 0x00000000cd500000, 0x00000000d6600000)
  object space 21504K, 47% used [0x00000000cc000000,0x00000000cc9eab78,0x00000000cd500000)
}
Event: 13.962 GC heap before
{Heap before GC invocations=6 (full 0):
 PSYoungGen      total 18432K, used 18432K [0x00000000f2200000, 0x00000000f4a00000, 0x0000000100000000)
  eden space 17408K, 100% used [0x00000000f2200000,0x00000000f3300000,0x00000000f3300000)
  from space 1024K, 100% used [0x00000000f3300000,0x00000000f3400000,0x00000000f3400000)
  to   space 3072K, 0% used [0x00000000f4700000,0x00000000f4700000,0x00000000f4a00000)
 ParOldGen       total 20992K, used 5440K [0x00000000d6600000, 0x00000000d7a80000, 0x00000000f2200000)
  object space 20992K, 25% used [0x00000000d6600000,0x00000000d6b50198,0x00000000d7a80000)
 PSPermGen       total 21504K, used 11915K [0x00000000cc000000, 0x00000000cd500000, 0x00000000d6600000)
  object space 21504K, 55% used [0x00000000cc000000,0x00000000ccba2c30,0x00000000cd500000)
Event: 13.984 GC heap after
Heap after GC invocations=6 (full 0):
 PSYoungGen      total 37376K, used 2799K [0x00000000f2200000, 0x00000000f4b00000, 0x0000000100000000)
  eden space 34304K, 0% used [0x00000000f2200000,0x00000000f2200000,0x00000000f4380000)
  from space 3072K, 91% used [0x00000000f4700000,0x00000000f49bbf40,0x00000000f4a00000)
  to   space 3584K, 0% used [0x00000000f4380000,0x00000000f4380000,0x00000000f4700000)
 ParOldGen       total 20992K, used 5440K [0x00000000d6600000, 0x00000000d7a80000, 0x00000000f2200000)
  object space 20992K, 25% used [0x00000000d6600000,0x00000000d6b50198,0x00000000d7a80000)
 PSPermGen       total 21504K, used 11915K [0x00000000cc000000, 0x00000000cd500000, 0x00000000d6600000)
  object space 21504K, 55% used [0x00000000cc000000,0x00000000ccba2c30,0x00000000cd500000)
}
Event: 19.389 GC heap before
{Heap before GC invocations=7 (full 0):
 PSYoungGen      total 37376K, used 37103K [0x00000000f2200000, 0x00000000f4b00000, 0x0000000100000000)
  eden space 34304K, 100% used [0x00000000f2200000,0x00000000f4380000,0x00000000f4380000)
  from space 3072K, 91% used [0x00000000f4700000,0x00000000f49bbf40,0x00000000f4a00000)
  to   space 3584K, 0% used [0x00000000f4380000,0x00000000f4380000,0x00000000f4700000)
 ParOldGen       total 20992K, used 5440K [0x00000000d6600000, 0x00000000d7a80000, 0x00000000f2200000)
  object space 20992K, 25% used [0x00000000d6600000,0x00000000d6b50198,0x00000000d7a80000)
 PSPermGen       total 21504K, used 14068K [0x00000000cc000000, 0x00000000cd500000, 0x00000000d6600000)
  object space 21504K, 65% used [0x00000000cc000000,0x00000000ccdbd3c8,0x00000000cd500000)
Event: 19.421 GC heap after
Heap after GC invocations=7 (full 0):
 PSYoungGen      total 37888K, used 3571K [0x00000000f2200000, 0x00000000f6e00000, 0x0000000100000000)
  eden space 34304K, 0% used [0x00000000f2200000,0x00000000f2200000,0x00000000f4380000)
  from space 3584K, 99% used [0x00000000f4380000,0x00000000f46fcc38,0x00000000f4700000)
  to   space 4608K, 0% used [0x00000000f6980000,0x00000000f6980000,0x00000000f6e00000)
 ParOldGen       total 20992K, used 6753K [0x00000000d6600000, 0x00000000d7a80000, 0x00000000f2200000)
  object space 20992K, 32% used [0x00000000d6600000,0x00000000d6c987e0,0x00000000d7a80000)
 PSPermGen       total 21504K, used 14068K [0x00000000cc000000, 0x00000000cd500000, 0x00000000d6600000)
  object space 21504K, 65% used [0x00000000cc000000,0x00000000ccdbd3c8,0x00000000cd500000)
}
Event: 22.101 GC heap before
{Heap before GC invocations=8 (full 0):
 PSYoungGen      total 37888K, used 37875K [0x00000000f2200000, 0x00000000f6e00000, 0x0000000100000000)
  eden space 34304K, 100% used [0x00000000f2200000,0x00000000f4380000,0x00000000f4380000)
  from space 3584K, 99% used [0x00000000f4380000,0x00000000f46fcc38,0x00000000f4700000)
  to   space 4608K, 0% used [0x00000000f6980000,0x00000000f6980000,0x00000000f6e00000)
 ParOldGen       total 20992K, used 6753K [0x00000000d6600000, 0x00000000d7a80000, 0x00000000f2200000)
  object space 20992K, 32% used [0x00000000d6600000,0x00000000d6c987e0,0x00000000d7a80000)
 PSPermGen       total 21504K, used 14138K [0x00000000cc000000, 0x00000000cd500000, 0x00000000d6600000)
  object space 21504K, 65% used [0x00000000cc000000,0x00000000ccdce928,0x00000000cd500000)
Event: 22.125 GC heap after
Heap after GC invocations=8 (full 0):
 PSYoungGen      total 72704K, used 4480K [0x00000000f2200000, 0x00000000f6f00000, 0x0000000100000000)
  eden space 68096K, 0% used [0x00000000f2200000,0x00000000f2200000,0x00000000f6480000)
  from space 4608K, 97% used [0x00000000f6980000,0x00000000f6de0000,0x00000000f6e00000)
  to   space 5120K, 0% used [0x00000000f6480000,0x00000000f6480000,0x00000000f6980000)
 ParOldGen       total 20992K, used 6985K [0x00000000d6600000, 0x00000000d7a80000, 0x00000000f2200000)
  object space 20992K, 33% used [0x00000000d6600000,0x00000000d6cd27e0,0x00000000d7a80000)
 PSPermGen       total 21504K, used 14138K [0x00000000cc000000, 0x00000000cd500000, 0x00000000d6600000)
  object space 21504K, 65% used [0x00000000cc000000,0x00000000ccdce928,0x00000000cd500000)
}
Event: 29.171 GC heap before
{Heap before GC invocations=9 (full 0):
 PSYoungGen      total 72704K, used 72576K [0x00000000f2200000, 0x00000000f6f00000, 0x0000000100000000)
  eden space 68096K, 100% used [0x00000000f2200000,0x00000000f6480000,0x00000000f6480000)
  from space 4608K, 97% used [0x00000000f6980000,0x00000000f6de0000,0x00000000f6e00000)
  to   space 5120K, 0% used [0x00000000f6480000,0x00000000f6480000,0x00000000f6980000)
 ParOldGen       total 20992K, used 6985K [0x00000000d6600000, 0x00000000d7a80000, 0x00000000f2200000)
  object space 20992K, 33% used [0x00000000d6600000,0x00000000d6cd27e0,0x00000000d7a80000)
 PSPermGen       total 21504K, used 17860K [0x00000000cc000000, 0x00000000cd500000, 0x00000000d6600000)
  object space 21504K, 83% used [0x00000000cc000000,0x00000000cd171048,0x00000000cd500000)

Deoptimization events (10 events):
Event: 26.747 Thread 0x00007fbcb000a000 Uncommon trap: reason=bimorphic action=maybe_recompile pc=0x00007fbcad0d8b84 method=java.util.HashMap.<init>(IF)V @ 115
Event: 26.841 Thread 0x00007fbcb000a000 Uncommon trap: reason=class_check action=maybe_recompile pc=0x00007fbcad137414 method=java.util.Hashtable.get(Ljava/lang/Object;)Ljava/lang/Object; @ 46
Event: 26.855 Thread 0x00007fbcb000a000 Uncommon trap: reason=class_check action=maybe_recompile pc=0x00007fbcad137414 method=java.util.Hashtable.get(Ljava/lang/Object;)Ljava/lang/Object; @ 46
Event: 26.858 Thread 0x00007fbcb000a000 Uncommon trap: reason=class_check action=maybe_recompile pc=0x00007fbcad137414 method=java.util.Hashtable.get(Ljava/lang/Object;)Ljava/lang/Object; @ 46
Event: 26.860 Thread 0x00007fbcb000a000 Uncommon trap: reason=class_check action=maybe_recompile pc=0x00007fbcad137414 method=java.util.Hashtable.get(Ljava/lang/Object;)Ljava/lang/Object; @ 46
Event: 27.028 Thread 0x00007fbcb000a000 Uncommon trap: reason=bimorphic action=maybe_recompile pc=0x00007fbcad0d8b84 method=java.util.HashMap.<init>(IF)V @ 115
Event: 27.029 Thread 0x00007fbcb000a000 Uncommon trap: reason=bimorphic action=maybe_recompile pc=0x00007fbcad0d8b84 method=java.util.HashMap.<init>(IF)V @ 115
Event: 27.032 Thread 0x00007fbcb000a000 Uncommon trap: reason=bimorphic action=maybe_recompile pc=0x00007fbcad0d8b84 method=java.util.HashMap.<init>(IF)V @ 115
Event: 27.037 Thread 0x00007fbcb000a000 Uncommon trap: reason=bimorphic action=maybe_recompile pc=0x00007fbcad0c10a4 method=java.util.HashMap.<init>(IF)V @ 115
Event: 28.515 Thread 0x00007fbcb000a000 Uncommon trap: reason=unreached action=reinterpret pc=0x00007fbcad134f48 method=java.util.regex.Pattern.compile()V @ 320

Internal exceptions (10 events):
Event: 29.167 Thread 0x00007fbcb000a000 Threw 0x00000000f6466970 at /build/buildd/openjdk-7-7u71-2.5.3/build/openjdk/hotspot/src/share/vm/classfile/systemDictionary.cpp:185
Event: 29.168 Thread 0x00007fbcb000a000 Threw 0x00000000f6467e10 at /build/buildd/openjdk-7-7u71-2.5.3/build/openjdk/hotspot/src/share/vm/prims/jvm.cpp:1284
Event: 29.168 Thread 0x00007fbcb000a000 Threw 0x00000000f646fb70 at /build/buildd/openjdk-7-7u71-2.5.3/build/openjdk/hotspot/src/share/vm/prims/jvm.cpp:1284
Event: 29.168 Thread 0x00007fbcb000a000 Threw 0x00000000f6471260 at /build/buildd/openjdk-7-7u71-2.5.3/build/openjdk/hotspot/src/share/vm/prims/jvm.cpp:1284
Event: 29.168 Thread 0x00007fbcb000a000 Threw 0x00000000f6471a80 at /build/buildd/openjdk-7-7u71-2.5.3/build/openjdk/hotspot/src/share/vm/prims/jvm.cpp:1284
Event: 29.169 Thread 0x00007fbcb000a000 Threw 0x00000000f6472d40 at /build/buildd/openjdk-7-7u71-2.5.3/build/openjdk/hotspot/src/share/vm/prims/jvm.cpp:1284
Event: 29.169 Thread 0x00007fbcb000a000 Threw 0x00000000f647aaa0 at /build/buildd/openjdk-7-7u71-2.5.3/build/openjdk/hotspot/src/share/vm/prims/jvm.cpp:1284
Event: 29.169 Thread 0x00007fbcb000a000 Threw 0x00000000f647c150 at /build/buildd/openjdk-7-7u71-2.5.3/build/openjdk/hotspot/src/share/vm/prims/jvm.cpp:1284
Event: 29.169 Thread 0x00007fbcb000a000 Threw 0x00000000f647c970 at /build/buildd/openjdk-7-7u71-2.5.3/build/openjdk/hotspot/src/share/vm/prims/jvm.cpp:1284
Event: 29.170 Thread 0x00007fbcb000a000 Threw 0x00000000f647ce80 at /build/buildd/openjdk-7-7u71-2.5.3/build/openjdk/hotspot/src/share/vm/classfile/systemDictionary.cpp:185

Events (10 events):
Event: 29.168 loading class 0x00007fbcb0be2520 done
Event: 29.168 loading class 0x00007fbcb0be2520
Event: 29.168 loading class 0x00007fbcb0be2520 done
Event: 29.169 loading class 0x00007fbcb0be2520
Event: 29.169 loading class 0x00007fbcb0be2520 done
Event: 29.169 loading class 0x00007fbcb0be2520
Event: 29.169 loading class 0x00007fbcb0be2520 done
Event: 29.170 loading class 0x00007fbcb0be2520
Event: 29.170 loading class 0x00007fbcb0be2520 done
Event: 29.171 Executing VM operation: ParallelGCFailedAllocation


Dynamic libraries:
00400000-00401000 r-xp 00000000 08:04 525821                             /usr/lib/jvm/java-7-openjdk-amd64/jre/bin/java
00600000-00601000 r--p 00000000 08:04 525821                             /usr/lib/jvm/java-7-openjdk-amd64/jre/bin/java
00601000-00602000 rw-p 00001000 08:04 525821                             /usr/lib/jvm/java-7-openjdk-amd64/jre/bin/java
015d3000-015f4000 rw-p 00000000 00:00 0                                  [heap]
cc000000-cd500000 rw-p 00000000 00:00 0 
cd500000-d6600000 rw-p 00000000 00:00 0 
d6600000-d7a80000 rw-p 00000000 00:00 0 
d7a80000-f2200000 rw-p 00000000 00:00 0 
f2200000-f6f00000 rw-p 00000000 00:00 0 
f9b80000-100000000 rw-p 00000000 00:00 0 
7fbc78000000-7fbc78021000 rw-p 00000000 00:00 0 
7fbc78021000-7fbc7c000000 ---p 00000000 00:00 0 
7fbc7c000000-7fbc7c021000 rw-p 00000000 00:00 0 
7fbc7c021000-7fbc80000000 ---p 00000000 00:00 0 
7fbc80000000-7fbc80943000 rw-p 00000000 00:00 0 
7fbc80943000-7fbc84000000 ---p 00000000 00:00 0 
7fbc84000000-7fbc84c7f000 rw-p 00000000 00:00 0 
7fbc84c7f000-7fbc88000000 ---p 00000000 00:00 0 
7fbc88000000-7fbc88021000 rw-p 00000000 00:00 0 
7fbc88021000-7fbc8c000000 ---p 00000000 00:00 0 
7fbc8e1b3000-7fbc8e1b4000 rw-p 00000000 00:00 0 
7fbc8e1b4000-7fbc8e1bb000 r--s 00000000 08:04 679648                     /usr/lib/x86_64-linux-gnu/gconv/gconv-modules.cache
7fbc8e1bb000-7fbc8e1ea000 r--p 00000000 08:04 660730                     /usr/share/locale-langpack/ru/LC_MESSAGES/libc.mo
7fbc8e1ea000-7fbc8e1f8000 r--s 0007f000 08:04 674888                     /home/kano_vas/.m2/repository/commons-collections/commons-collections/3.2.1/commons-collections-3.2.1.jar
7fbc8e1f8000-7fbc8e1fa000 r--s 0000e000 08:04 674885                     /home/kano_vas/.m2/repository/oro/oro/2.0.8/oro-2.0.8.jar
7fbc8e1fa000-7fbc8e1fe000 r--s 0002f000 08:04 674883                     /home/kano_vas/.m2/repository/commons-lang/commons-lang/2.1/commons-lang-2.1.jar
7fbc8e1fe000-7fbc8e206000 r--s 00058000 08:04 674880                     /home/kano_vas/.m2/repository/org/apache/velocity/velocity/1.5/velocity-1.5.jar
7fbc8e206000-7fbc8e207000 r--s 00001000 08:04 674878                     /home/kano_vas/.m2/repository/org/codehaus/plexus/plexus-velocity/1.1.8/plexus-velocity-1.1.8.jar
7fbc8e207000-7fbc8e20a000 r--s 0000d000 08:04 674876                     /home/kano_vas/.m2/repository/org/codehaus/plexus/plexus-interpolation/1.19/plexus-interpolation-1.19.jar
7fbc8e20a000-7fbc8e20e000 r--s 00037000 08:04 674874                     /home/kano_vas/.m2/repository/org/codehaus/plexus/plexus-utils/3.0.15/plexus-utils-3.0.15.jar
7fbc8e20e000-7fbc8e210000 r--s 00004000 08:04 674872                     /home/kano_vas/.m2/repository/org/codehaus/plexus/plexus-resources/1.0-alpha-7/plexus-resources-1.0-alpha-7.jar
7fbc8e210000-7fbc8e212000 r--s 00000000 08:04 674338                     /home/kano_vas/.m2/repository/org/codehaus/plexus/plexus-component-annotations/1.5.5/plexus-component-annotations-1.5.5.jar
7fbc8e212000-7fbc8e215000 r--s 0001b000 08:04 673943                     /home/kano_vas/.m2/repository/junit/junit/3.8.1/junit-3.8.1.jar
7fbc8e215000-7fbc8e218000 r--s 00018000 08:04 674870                     /home/kano_vas/.m2/repository/commons-io/commons-io/1.4/commons-io-1.4.jar
7fbc8e218000-7fbc8e219000 r--s 0000a000 08:04 674868                     /home/kano_vas/.m2/repository/org/apache/maven/doxia/doxia-integration-tools/1.6/doxia-integration-tools-1.6.jar
7fbc8e219000-7fbc8e21c000 r--s 0001b000 08:04 674866                     /home/kano_vas/.m2/repository/org/apache/struts/struts-tiles/1.3.8/struts-tiles-1.3.8.jar
7fbc8e21c000-7fbc8e221000 r--s 00039000 08:04 674864                     /home/kano_vas/.m2/repository/org/apache/struts/struts-taglib/1.3.8/struts-taglib-1.3.8.jar
7fbc8e221000-7fbc8e227000 r--s 0004b000 08:04 674862                     /home/kano_vas/.m2/repository/org/apache/struts/struts-core/1.3.8/struts-core-1.3.8.jar
7fbc8e227000-7fbc8e229000 r--s 00005000 08:04 674860                     /home/kano_vas/.m2/repository/sslext/sslext/1.2-0/sslext-1.2-0.jar
7fbc8e229000-7fbc8e231000 r--s 00068000 08:04 674858                     /home/kano_vas/.m2/repository/dom4j/dom4j/1.1/dom4j-1.1.jar
7fbc8e231000-7fbc8e233000 r--s 00014000 08:04 674856                     /home/kano_vas/.m2/repository/commons-chain/commons-chain/1.1/commons-chain-1.1.jar
7fbc8e233000-7fbc8e239000 r--s 0004f000 08:04 674854                     /home/kano_vas/.m2/repository/org/apache/velocity/velocity-tools/2.0/velocity-tools-2.0.jar
7fbc8e239000-7fbc8e23a000 r--s 00002000 08:04 674852                     /home/kano_vas/.m2/repository/org/codehaus/plexus/plexus-i18n/1.0-beta-7/plexus-i18n-1.0-beta-7.jar
7fbc8e23a000-7fbc8e23c000 r--s 00008000 08:04 674850                     /home/kano_vas/.m2/repository/org/apache/maven/doxia/doxia-module-fml/1.4/doxia-module-fml-1.4.jar
7fbc8e23c000-7fbc8e23d000 r--s 00003000 08:04 674848                     /home/kano_vas/.m2/repository/org/apache/maven/doxia/doxia-module-xhtml/1.4/doxia-module-xhtml-1.4.jar
7fbc8e23d000-7fbc8e23f000 r--s 0000b000 08:04 674846                     /home/kano_vas/.m2/repository/org/apache/maven/doxia/doxia-site-renderer/1.4/doxia-site-renderer-1.4.jar
7fbc8e23f000-7fbc8e240000 r--s 0000e000 08:04 674844                     /home/kano_vas/.m2/repository/org/apache/maven/doxia/doxia-decoration-model/1.4/doxia-decoration-model-1.4.jar
7fbc8e240000-7fbc8e241000 r--s 00002000 08:04 674842                     /home/kano_vas/.m2/repository/org/apache/maven/doxia/doxia-logging-api/1.4/doxia-logging-api-1.4.jar
7fbc8e241000-7fbc8e242000 r--s 00002000 08:04 674840                     /home/kano_vas/.m2/repository/org/apache/maven/doxia/doxia-sink-api/1.4/doxia-sink-api-1.4.jar
7fbc8e242000-7fbc8e246000 r--s 00026000 08:04 674838                     /home/kano_vas/.m2/repository/commons-digester/commons-digester/1.6/commons-digester-1.6.jar
7fbc8e246000-7fbc8e24b000 r--s 0002a000 08:04 674837                     /home/kano_vas/.m2/repository/commons-beanutils/commons-beanutils/1.7.0/commons-beanutils-1.7.0.jar
7fbc8e24b000-7fbc8e24e000 r--s 0001f000 08:04 674834                     /home/kano_vas/.m2/repository/commons-validator/commons-validator/1.3.1/commons-validator-1.3.1.jar
7fbc8e24e000-7fbc8e250000 r--s 0000a000 08:04 674832                     /home/kano_vas/.m2/repository/commons-codec/commons-codec/1.3/commons-codec-1.3.jar
7fbc8e250000-7fbc8e255000 r--s 00026000 08:04 674830                     /home/kano_vas/.m2/repository/org/apache/httpcomponents/httpcore/4.0.1/httpcore-4.0.1.jar
7fbc8e255000-7fbc8e25c000 r--s 00041000 08:04 674827                     /home/kano_vas/.m2/repository/org/apache/httpcomponents/httpclient/4.0.2/httpclient-4.0.2.jar
7fbc8e25c000-7fbc8e264000 r--s 00028000 08:04 674825                     /home/kano_vas/.m2/repository/xml-apis/xml-apis/1.3.04/xml-apis-1.3.04.jar
7fbc8e264000-7fbc8e27c000 r--s 00115000 08:04 674823                     /home/kano_vas/.m2/repository/xerces/xercesImpl/2.9.1/xercesImpl-2.9.1.jar
7fbc8e27c000-7fbc8e280000 r--s 00022000 08:04 674821                     /home/kano_vas/.m2/repository/org/apache/maven/doxia/doxia-core/1.2/doxia-core-1.2.jar
7fbc8e280000-7fbc8e282000 r--s 00006000 08:04 674342                     /home/kano_vas/.m2/repository/com/google/code/findbugs/jsr305/2.0.1/jsr305-2.0.1.jar
7fbc8e282000-7fbc8e286000 r--s 00025000 08:04 674819                     /home/kano_vas/.m2/repository/org/apache/maven/shared/maven-shared-utils/0.6/maven-shared-utils-0.6.jar
7fbc8e286000-7fbc8e288000 r--s 00002000 08:04 674813                     /home/kano_vas/.m2/repository/org/sonatype/plexus/plexus-cipher/1.4/plexus-cipher-1.4.jar
7fbc8e288000-7fbc8e290000 r--s 00049000 08:04 674809                     /home/kano_vas/.m2/repository/backport-util-concurrent/backport-util-concurrent/3.1/backport-util-concurrent-3.1.jar
7fbc8e290000-7fbc8e292000 r--s 00002000 08:04 673578                     /home/kano_vas/.m2/repository/org/codehaus/plexus/plexus-interactivity-api/1.0-alpha-4/plexus-interactivity-api-1.0-alpha-4.jar
7fbc8e292000-7fbc8e2fc000 r--s 0069e000 08:04 539659                     /usr/lib/jvm/java-7-openjdk-amd64/lib/tools.jar
7fbc8e2fc000-7fbc8e323000 r--s 001c3000 08:04 674798                     /home/kano_vas/.m2/repository/com/google/guava/guava-jdk5/14.0.1/guava-jdk5-14.0.1.jar
7fbc8e323000-7fbc8e354000 rw-p 00000000 00:00 0 
7fbc8e354000-7fbc8e391000 r-xp 00000000 08:04 169377                     /lib/x86_64-linux-gnu/libpcre.so.3.13.1
7fbc8e391000-7fbc8e590000 ---p 0003d000 08:04 169377                     /lib/x86_64-linux-gnu/libpcre.so.3.13.1
7fbc8e590000-7fbc8e591000 r--p 0003c000 08:04 169377                     /lib/x86_64-linux-gnu/libpcre.so.3.13.1
7fbc8e591000-7fbc8e592000 rw-p 0003d000 08:04 169377                     /lib/x86_64-linux-gnu/libpcre.so.3.13.1
7fbc8e592000-7fbc8e599000 r-xp 00000000 08:04 533974                     /usr/lib/x86_64-linux-gnu/libffi.so.6.0.1
7fbc8e599000-7fbc8e798000 ---p 00007000 08:04 533974                     /usr/lib/x86_64-linux-gnu/libffi.so.6.0.1
7fbc8e798000-7fbc8e799000 r--p 00006000 08:04 533974                     /usr/lib/x86_64-linux-gnu/libffi.so.6.0.1
7fbc8e799000-7fbc8e79a000 rw-p 00007000 08:04 533974                     /usr/lib/x86_64-linux-gnu/libffi.so.6.0.1
7fbc8e79a000-7fbc8e7b1000 r-xp 00000000 08:04 161653                     /lib/x86_64-linux-gnu/libresolv-2.19.so
7fbc8e7b1000-7fbc8e9b1000 ---p 00017000 08:04 161653                     /lib/x86_64-linux-gnu/libresolv-2.19.so
7fbc8e9b1000-7fbc8e9b2000 r--p 00017000 08:04 161653                     /lib/x86_64-linux-gnu/libresolv-2.19.so
7fbc8e9b2000-7fbc8e9b3000 rw-p 00018000 08:04 161653                     /lib/x86_64-linux-gnu/libresolv-2.19.so
7fbc8e9b3000-7fbc8e9b5000 rw-p 00000000 00:00 0 
7fbc8e9b5000-7fbc8e9d5000 r-xp 00000000 08:04 171580                     /lib/x86_64-linux-gnu/libselinux.so.1
7fbc8e9d5000-7fbc8ebd4000 ---p 00020000 08:04 171580                     /lib/x86_64-linux-gnu/libselinux.so.1
7fbc8ebd4000-7fbc8ebd5000 r--p 0001f000 08:04 171580                     /lib/x86_64-linux-gnu/libselinux.so.1
7fbc8ebd5000-7fbc8ebd6000 rw-p 00020000 08:04 171580                     /lib/x86_64-linux-gnu/libselinux.so.1
7fbc8ebd6000-7fbc8ebd8000 rw-p 00000000 00:00 0 
7fbc8ebd8000-7fbc8ebdb000 r-xp 00000000 08:04 529200                     /usr/lib/x86_64-linux-gnu/libgmodule-2.0.so.0.4000.0
7fbc8ebdb000-7fbc8edda000 ---p 00003000 08:04 529200                     /usr/lib/x86_64-linux-gnu/libgmodule-2.0.so.0.4000.0
7fbc8edda000-7fbc8eddb000 r--p 00002000 08:04 529200                     /usr/lib/x86_64-linux-gnu/libgmodule-2.0.so.0.4000.0
7fbc8eddb000-7fbc8eddc000 rw-p 00003000 08:04 529200                     /usr/lib/x86_64-linux-gnu/libgmodule-2.0.so.0.4000.0
7fbc8eddc000-7fbc8eee2000 r-xp 00000000 08:04 144777                     /lib/x86_64-linux-gnu/libglib-2.0.so.0.4000.0
7fbc8eee2000-7fbc8f0e1000 ---p 00106000 08:04 144777                     /lib/x86_64-linux-gnu/libglib-2.0.so.0.4000.0
7fbc8f0e1000-7fbc8f0e2000 r--p 00105000 08:04 144777                     /lib/x86_64-linux-gnu/libglib-2.0.so.0.4000.0
7fbc8f0e2000-7fbc8f0e3000 rw-p 00106000 08:04 144777                     /lib/x86_64-linux-gnu/libglib-2.0.so.0.4000.0
7fbc8f0e3000-7fbc8f0e4000 rw-p 00000000 00:00 0 
7fbc8f0e4000-7fbc8f133000 r-xp 00000000 08:04 529106                     /usr/lib/x86_64-linux-gnu/libgobject-2.0.so.0.4000.0
7fbc8f133000-7fbc8f333000 ---p 0004f000 08:04 529106                     /usr/lib/x86_64-linux-gnu/libgobject-2.0.so.0.4000.0
7fbc8f333000-7fbc8f334000 r--p 0004f000 08:04 529106                     /usr/lib/x86_64-linux-gnu/libgobject-2.0.so.0.4000.0
7fbc8f334000-7fbc8f335000 rw-p 00050000 08:04 529106                     /usr/lib/x86_64-linux-gnu/libgobject-2.0.so.0.4000.0
7fbc8f335000-7fbc8f4a0000 r-xp 00000000 08:04 529192                     /usr/lib/x86_64-linux-gnu/libgio-2.0.so.0.4000.0
7fbc8f4a0000-7fbc8f6a0000 ---p 0016b000 08:04 529192                     /usr/lib/x86_64-linux-gnu/libgio-2.0.so.0.4000.0
7fbc8f6a0000-7fbc8f6a4000 r--p 0016b000 08:04 529192                     /usr/lib/x86_64-linux-gnu/libgio-2.0.so.0.4000.0
7fbc8f6a4000-7fbc8f6a6000 rw-p 0016f000 08:04 529192                     /usr/lib/x86_64-linux-gnu/libgio-2.0.so.0.4000.0
7fbc8f6a6000-7fbc8f6a8000 rw-p 00000000 00:00 0 
7fbc8f6a8000-7fbc8f6a9000 r--s 00004000 08:04 674817                     /home/kano_vas/.m2/repository/org/apache/maven/reporting/maven-reporting-impl/2.3/maven-reporting-impl-2.3.jar
7fbc8f6a9000-7fbc8f6ab000 r--s 00003000 08:04 673868                     /home/kano_vas/.m2/repository/org/slf4j/jcl-over-slf4j/1.5.6/jcl-over-slf4j-1.5.6.jar
7fbc8f6ab000-7fbc8f6ad000 r--s 00004000 08:04 674803                     /home/kano_vas/.m2/repository/org/slf4j/slf4j-api/1.5.6/slf4j-api-1.5.6.jar
7fbc8f6ad000-7fbc8f6af000 r--s 00001000 08:04 674801                     /home/kano_vas/.m2/repository/org/slf4j/slf4j-jdk14/1.5.6/slf4j-jdk14-1.5.6.jar
7fbc8f6af000-7fbc8f6b1000 r--s 00009000 08:04 674793                     /home/kano_vas/.m2/repository/commons-cli/commons-cli/1.2/commons-cli-1.2.jar
7fbc8f6b1000-7fbc8f6b3000 r--s 0000d000 08:04 674797                     /home/kano_vas/.m2/repository/commons-logging/commons-logging/1.1.1/commons-logging-1.1.1.jar
7fbc8f6b3000-7fbc8f6b7000 r--s 0002f000 08:04 674795                     /home/kano_vas/.m2/repository/commons-beanutils/commons-beanutils-core/1.8.3/commons-beanutils-core-1.8.3.jar
7fbc8f6b7000-7fbc8f6bc000 r--s 00068000 08:04 674794                     /home/kano_vas/.m2/repository/antlr/antlr/2.7.7/antlr-2.7.7.jar
7fbc8f6bc000-7fbc8f6cc000 r--s 000a1000 08:04 674792                     /home/kano_vas/.m2/repository/com/puppycrawl/tools/checkstyle/5.9/checkstyle-5.9.jar
7fbc8f6cc000-7fbc8f6d1000 r--s 0004c000 08:04 524043                     /usr/lib/jvm/java-7-openjdk-amd64/jre/lib/jsse.jar
7fbc8f6d1000-7fbc8f6e8000 r-xp 00000000 08:04 788405                     /usr/lib/jvm/java-7-openjdk-amd64/jre/lib/amd64/libnet.so
7fbc8f6e8000-7fbc8f8e7000 ---p 00017000 08:04 788405                     /usr/lib/jvm/java-7-openjdk-amd64/jre/lib/amd64/libnet.so
7fbc8f8e7000-7fbc8f8e8000 r--p 00016000 08:04 788405                     /usr/lib/jvm/java-7-openjdk-amd64/jre/lib/amd64/libnet.so
7fbc8f8e8000-7fbc8f8e9000 rw-p 00017000 08:04 788405                     /usr/lib/jvm/java-7-openjdk-amd64/jre/lib/amd64/libnet.so
7fbc8f8e9000-7fbc8f8f9000 r-xp 00000000 08:04 788422                     /usr/lib/jvm/java-7-openjdk-amd64/jre/lib/amd64/libnio.so
7fbc8f8f9000-7fbc8faf9000 ---p 00010000 08:04 788422                     /usr/lib/jvm/java-7-openjdk-amd64/jre/lib/amd64/libnio.so
7fbc8faf9000-7fbc8fafa000 r--p 00010000 08:04 788422                     /usr/lib/jvm/java-7-openjdk-amd64/jre/lib/amd64/libnio.so
7fbc8fafa000-7fbc8fafb000 rw-p 00011000 08:04 788422                     /usr/lib/jvm/java-7-openjdk-amd64/jre/lib/amd64/libnio.so
7fbc8fafb000-7fbc8fafc000 ---p 00000000 00:00 0 
7fbc8fafc000-7fbc8fbfc000 rw-p 00000000 00:00 0                          [stack:29765]
7fbc8fbfc000-7fbc8fbff000 ---p 00000000 00:00 0 
7fbc8fbff000-7fbc8fcfd000 rw-p 00000000 00:00 0                          [stack:29764]
7fbc8fcfd000-7fbc8fd00000 ---p 00000000 00:00 0 
7fbc8fd00000-7fbc8fdfe000 rw-p 00000000 00:00 0                          [stack:29763]
7fbc8fdfe000-7fbc8fe01000 ---p 00000000 00:00 0 
7fbc8fe01000-7fbc8feff000 rw-p 00000000 00:00 0                          [stack:29762]
7fbc8feff000-7fbc8ff02000 ---p 00000000 00:00 0 
7fbc8ff02000-7fbc90000000 rw-p 00000000 00:00 0                          [stack:29761]
7fbc90000000-7fbc90021000 rw-p 00000000 00:00 0 
7fbc90021000-7fbc94000000 ---p 00000000 00:00 0 
7fbc94000000-7fbc94021000 rw-p 00000000 00:00 0 
7fbc94021000-7fbc98000000 ---p 00000000 00:00 0 
7fbc98000000-7fbc98021000 rw-p 00000000 00:00 0 
7fbc98021000-7fbc9c000000 ---p 00000000 00:00 0 
7fbc9c000000-7fbc9c243000 rw-p 00000000 00:00 0 
7fbc9c243000-7fbca0000000 ---p 00000000 00:00 0 
7fbca0000000-7fbca0021000 rw-p 00000000 00:00 0 
7fbca0021000-7fbca4000000 ---p 00000000 00:00 0 
7fbca4000000-7fbca4021000 rw-p 00000000 00:00 0 
7fbca4021000-7fbca8000000 ---p 00000000 00:00 0 
7fbca8000000-7fbca8021000 rw-p 00000000 00:00 0 
7fbca8021000-7fbcac000000 ---p 00000000 00:00 0 
7fbcac000000-7fbcac001000 r--s 00002000 08:04 674815                     /home/kano_vas/.m2/repository/org/apache/maven/reporting/maven-reporting-api/3.0/maven-reporting-api-3.0.jar
7fbcac001000-7fbcac003000 r--s 0001a000 08:04 674418                     /home/kano_vas/.m2/repository/org/apache/maven/plugins/maven-checkstyle-plugin/2.13/maven-checkstyle-plugin-2.13.jar
7fbcac003000-7fbcac005000 r--s 0000a000 08:04 685105                     /usr/share/java/wagon-provider-api-2.x.jar
7fbcac005000-7fbcac00b000 r--s 0002c000 08:04 685014                     /usr/share/java/sisu-inject-plexus.jar
7fbcac00b000-7fbcac011000 r--s 0003e000 08:04 685177                     /usr/share/java/maven3-compat-3.0.5.jar
7fbcac011000-7fbcac018000 r--s 00040000 08:04 685019                     /usr/share/java/sisu-inject-bean.jar
7fbcac018000-7fbcac01a000 r--s 0000b000 08:04 685161                     /usr/share/java/maven3-aether-provider-3.0.5.jar
7fbcac01a000-7fbcac01e000 r--s 00033000 08:04 684955                     /usr/share/java/plexus-utils2-2.0.5.jar
7fbcac01e000-7fbcac020000 r--s 00008000 08:04 685167                     /usr/share/java/maven3-embedder-3.0.5.jar
7fbcac020000-7fbcac023000 r--s 00013000 08:04 18880                      /usr/share/maven-repo/org/sonatype/aether/aether-api/1.13.1/aether-api-1.13.1.jar
7fbcac023000-7fbcac02f000 r--s 0007c000 08:04 685165                     /usr/share/java/maven3-core-3.0.5.jar
7fbcac02f000-7fbcac031000 r--s 00007000 08:04 671919                     /usr/share/java/commons-cli-1.2.jar
7fbcac031000-7fbcac033000 r--s 00006000 08:04 18889                      /usr/share/maven-repo/org/sonatype/aether/aether-connector-wagon/1.13.1/aether-connector-wagon-1.13.1.jar
7fbcac033000-7fbcac035000 r--s 00002000 08:04 684778                     /usr/share/java/plexus-cipher.jar
7fbcac035000-7fbcac037000 r--s 00009000 08:04 685179                     /usr/share/java/maven3-plugin-api-3.0.5.jar
7fbcac037000-7fbcac03b000 r--s 00020000 08:04 685181                     /usr/share/java/maven3-model-builder-3.0.5.jar
7fbcac03b000-7fbcac057000 r--s 00110000 08:04 685121                     /usr/share/java/wagon-http-shaded-2.x.jar
7fbcac057000-7fbcac063000 r--s 00082000 08:04 685006                     /usr/share/java/sisu-guice.jar
7fbcac063000-7fbcac08c000 r--s 001e9000 08:04 671961                     /usr/share/java/guava.jar
7fbcac08c000-7fbcac5f6000 r--p 00000000 08:04 521506                     /usr/lib/locale/locale-archive
7fbcac5f6000-7fbcac5f9000 ---p 00000000 00:00 0 
7fbcac5f9000-7fbcac6f7000 rw-p 00000000 00:00 0                          [stack:29759]
7fbcac6f7000-7fbcac6fa000 ---p 00000000 00:00 0 
7fbcac6fa000-7fbcac7f8000 rw-p 00000000 00:00 0                          [stack:29758]
7fbcac7f8000-7fbcac7f9000 ---p 00000000 00:00 0 
7fbcac7f9000-7fbcad000000 rw-p 00000000 00:00 0                          [stack:29757]
7fbcad000000-7fbcad270000 rwxp 00000000 00:00 0 
7fbcad270000-7fbcb0be5000 rw-p 00000000 00:00 0 
7fbcb0be5000-7fbcb4000000 ---p 00000000 00:00 0 
7fbcb4000000-7fbcb4001000 r--s 00006000 08:04 674811                     /home/kano_vas/.m2/repository/org/sonatype/plexus/plexus-sec-dispatcher/1.3/plexus-sec-dispatcher-1.3.jar
7fbcb4001000-7fbcb4003000 r--s 00000000 08:04 684974                     /usr/share/java/plexus-component-annotations-1.5-1.5.5.jar
7fbcb4003000-7fbcb4005000 r--s 00007000 08:04 685175                     /usr/share/java/maven3-settings-builder-3.0.5.jar
7fbcb4005000-7fbcb4008000 r--s 0001d000 08:04 18886                      /usr/share/maven-repo/org/sonatype/aether/aether-impl/1.13.1/aether-impl-1.13.1.jar
7fbcb4008000-7fbcb400a000 r--s 0000e000 08:04 684892                     /usr/share/java/plexus-interpolation.jar
7fbcb400a000-7fbcb400b000 r--s 00001000 08:04 685107                     /usr/share/java/wagon-file-2.x.jar
7fbcb400b000-7fbcb400c000 r--s 00003000 08:04 18878                      /usr/share/maven-repo/org/sonatype/aether/aether-spi/1.13.1/aether-spi-1.13.1.jar
7fbcb400c000-7fbcb400e000 r--s 00025000 08:04 685163                     /usr/share/java/maven3-model-3.0.5.jar
7fbcb400e000-7fbcb4015000 r--s 0003b000 08:04 684584                     /usr/share/java/commons-codec-1.9.jar
7fbcb4015000-7fbcb401b000 r--s 00046000 08:04 685070                     /usr/share/java/commons-httpclient-3.1.jar
7fbcb401b000-7fbcb401d000 r--s 00005000 08:04 685171                     /usr/share/java/maven3-repository-metadata-3.0.5.jar
7fbcb401d000-7fbcb401f000 r--s 0000a000 08:04 685173                     /usr/share/java/maven3-artifact-3.0.5.jar
7fbcb401f000-7fbcb4021000 r--s 00009000 08:04 685169                     /usr/share/java/maven3-settings-3.0.5.jar
7fbcb4021000-7fbcb4917000 rw-p 00000000 00:00 0 
7fbcb4917000-7fbcb4ac8000 r--s 01d25000 08:04 524365                     /usr/lib/jvm/java-7-openjdk-amd64/jre/lib/rt.jar
7fbcb4ac8000-7fbcb6761000 rw-p 00000000 00:00 0 
7fbcb6761000-7fbcb6762000 ---p 00000000 00:00 0 
7fbcb6762000-7fbcb6862000 rw-p 00000000 00:00 0                          [stack:29756]
7fbcb6862000-7fbcb6863000 ---p 00000000 00:00 0 
7fbcb6863000-7fbcb6963000 rw-p 00000000 00:00 0                          [stack:29755]
7fbcb6963000-7fbcb6964000 ---p 00000000 00:00 0 
7fbcb6964000-7fbcb6a64000 rw-p 00000000 00:00 0                          [stack:29754]
7fbcb6a64000-7fbcb6a65000 ---p 00000000 00:00 0 
7fbcb6a65000-7fbcb6b70000 rw-p 00000000 00:00 0                          [stack:29753]
7fbcb6b70000-7fbcb6bb8000 rw-p 00000000 00:00 0 
7fbcb6bb8000-7fbcb6bc3000 rw-p 00000000 00:00 0 
7fbcb6bc3000-7fbcb6c96000 rw-p 00000000 00:00 0 
7fbcb6c96000-7fbcb6ca1000 rw-p 00000000 00:00 0 
7fbcb6ca1000-7fbcb6ce9000 rw-p 00000000 00:00 0 
7fbcb6ce9000-7fbcb6cf4000 rw-p 00000000 00:00 0 
7fbcb6cf4000-7fbcb6dc7000 rw-p 00000000 00:00 0 
7fbcb6dc7000-7fbcb6dee000 rw-p 00000000 00:00 0 
7fbcb6dee000-7fbcb6e36000 rw-p 00000000 00:00 0 
7fbcb6e36000-7fbcb6e37000 rw-p 00000000 00:00 0 
7fbcb6e37000-7fbcb6e3f000 r-xp 00000000 08:04 783736                     /usr/lib/jvm/java-7-openjdk-amd64/jre/lib/amd64/libzip.so
7fbcb6e3f000-7fbcb703e000 ---p 00008000 08:04 783736                     /usr/lib/jvm/java-7-openjdk-amd64/jre/lib/amd64/libzip.so
7fbcb703e000-7fbcb703f000 r--p 00007000 08:04 783736                     /usr/lib/jvm/java-7-openjdk-amd64/jre/lib/amd64/libzip.so
7fbcb703f000-7fbcb7040000 rw-p 00008000 08:04 783736                     /usr/lib/jvm/java-7-openjdk-amd64/jre/lib/amd64/libzip.so
7fbcb7040000-7fbcb704b000 r-xp 00000000 08:04 169529                     /lib/x86_64-linux-gnu/libnss_files-2.19.so
7fbcb704b000-7fbcb724a000 ---p 0000b000 08:04 169529                     /lib/x86_64-linux-gnu/libnss_files-2.19.so
7fbcb724a000-7fbcb724b000 r--p 0000a000 08:04 169529                     /lib/x86_64-linux-gnu/libnss_files-2.19.so
7fbcb724b000-7fbcb724c000 rw-p 0000b000 08:04 169529                     /lib/x86_64-linux-gnu/libnss_files-2.19.so
7fbcb724c000-7fbcb7257000 r-xp 00000000 08:04 169530                     /lib/x86_64-linux-gnu/libnss_nis-2.19.so
7fbcb7257000-7fbcb7456000 ---p 0000b000 08:04 169530                     /lib/x86_64-linux-gnu/libnss_nis-2.19.so
7fbcb7456000-7fbcb7457000 r--p 0000a000 08:04 169530                     /lib/x86_64-linux-gnu/libnss_nis-2.19.so
7fbcb7457000-7fbcb7458000 rw-p 0000b000 08:04 169530                     /lib/x86_64-linux-gnu/libnss_nis-2.19.so
7fbcb7458000-7fbcb746f000 r-xp 00000000 08:04 161655                     /lib/x86_64-linux-gnu/libnsl-2.19.so
7fbcb746f000-7fbcb766e000 ---p 00017000 08:04 161655                     /lib/x86_64-linux-gnu/libnsl-2.19.so
7fbcb766e000-7fbcb766f000 r--p 00016000 08:04 161655                     /lib/x86_64-linux-gnu/libnsl-2.19.so
7fbcb766f000-7fbcb7670000 rw-p 00017000 08:04 161655                     /lib/x86_64-linux-gnu/libnsl-2.19.so
7fbcb7670000-7fbcb7672000 rw-p 00000000 00:00 0 
7fbcb7672000-7fbcb767b000 r-xp 00000000 08:04 136297                     /lib/x86_64-linux-gnu/libnss_compat-2.19.so
7fbcb767b000-7fbcb787a000 ---p 00009000 08:04 136297                     /lib/x86_64-linux-gnu/libnss_compat-2.19.so
7fbcb787a000-7fbcb787b000 r--p 00008000 08:04 136297                     /lib/x86_64-linux-gnu/libnss_compat-2.19.so
7fbcb787b000-7fbcb787c000 rw-p 00009000 08:04 136297                     /lib/x86_64-linux-gnu/libnss_compat-2.19.so
7fbcb787c000-7fbcb78a7000 r-xp 00000000 08:04 788403                     /usr/lib/jvm/java-7-openjdk-amd64/jre/lib/amd64/libjava.so
7fbcb78a7000-7fbcb7aa6000 ---p 0002b000 08:04 788403                     /usr/lib/jvm/java-7-openjdk-amd64/jre/lib/amd64/libjava.so
7fbcb7aa6000-7fbcb7aa7000 r--p 0002a000 08:04 788403                     /usr/lib/jvm/java-7-openjdk-amd64/jre/lib/amd64/libjava.so
7fbcb7aa7000-7fbcb7aa9000 rw-p 0002b000 08:04 788403                     /usr/lib/jvm/java-7-openjdk-amd64/jre/lib/amd64/libjava.so
7fbcb7aa9000-7fbcb7ab9000 r-xp 00000000 08:04 788421                     /usr/lib/jvm/java-7-openjdk-amd64/jre/lib/amd64/libverify.so
7fbcb7ab9000-7fbcb7cb8000 ---p 00010000 08:04 788421                     /usr/lib/jvm/java-7-openjdk-amd64/jre/lib/amd64/libverify.so
7fbcb7cb8000-7fbcb7cba000 r--p 0000f000 08:04 788421                     /usr/lib/jvm/java-7-openjdk-amd64/jre/lib/amd64/libverify.so
7fbcb7cba000-7fbcb7cbb000 rw-p 00011000 08:04 788421                     /usr/lib/jvm/java-7-openjdk-amd64/jre/lib/amd64/libverify.so
7fbcb7cbb000-7fbcb7cc2000 r-xp 00000000 08:04 161657                     /lib/x86_64-linux-gnu/librt-2.19.so
7fbcb7cc2000-7fbcb7ec1000 ---p 00007000 08:04 161657                     /lib/x86_64-linux-gnu/librt-2.19.so
7fbcb7ec1000-7fbcb7ec2000 r--p 00006000 08:04 161657                     /lib/x86_64-linux-gnu/librt-2.19.so
7fbcb7ec2000-7fbcb7ec3000 rw-p 00007000 08:04 161657                     /lib/x86_64-linux-gnu/librt-2.19.so
7fbcb7ec3000-7fbcb7ed9000 r-xp 00000000 08:04 171246                     /lib/x86_64-linux-gnu/libgcc_s.so.1
7fbcb7ed9000-7fbcb80d8000 ---p 00016000 08:04 171246                     /lib/x86_64-linux-gnu/libgcc_s.so.1
7fbcb80d8000-7fbcb80d9000 rw-p 00015000 08:04 171246                     /lib/x86_64-linux-gnu/libgcc_s.so.1
7fbcb80d9000-7fbcb81de000 r-xp 00000000 08:04 169525                     /lib/x86_64-linux-gnu/libm-2.19.so
7fbcb81de000-7fbcb83dd000 ---p 00105000 08:04 169525                     /lib/x86_64-linux-gnu/libm-2.19.so
7fbcb83dd000-7fbcb83de000 r--p 00104000 08:04 169525                     /lib/x86_64-linux-gnu/libm-2.19.so
7fbcb83de000-7fbcb83df000 rw-p 00105000 08:04 169525                     /lib/x86_64-linux-gnu/libm-2.19.so
7fbcb83df000-7fbcb84c5000 r-xp 00000000 08:04 604932                     /usr/lib/x86_64-linux-gnu/libstdc++.so.6.0.19
7fbcb84c5000-7fbcb86c4000 ---p 000e6000 08:04 604932                     /usr/lib/x86_64-linux-gnu/libstdc++.so.6.0.19
7fbcb86c4000-7fbcb86cc000 r--p 000e5000 08:04 604932                     /usr/lib/x86_64-linux-gnu/libstdc++.so.6.0.19
7fbcb86cc000-7fbcb86ce000 rw-p 000ed000 08:04 604932                     /usr/lib/x86_64-linux-gnu/libstdc++.so.6.0.19
7fbcb86ce000-7fbcb86e3000 rw-p 00000000 00:00 0 
7fbcb86e3000-7fbcb91f9000 r-xp 00000000 08:04 788427                     /usr/lib/jvm/java-7-openjdk-amd64/jre/lib/amd64/server/libjvm.so
7fbcb91f9000-7fbcb93f8000 ---p 00b16000 08:04 788427                     /usr/lib/jvm/java-7-openjdk-amd64/jre/lib/amd64/server/libjvm.so
7fbcb93f8000-7fbcb9492000 r--p 00b15000 08:04 788427                     /usr/lib/jvm/java-7-openjdk-amd64/jre/lib/amd64/server/libjvm.so
7fbcb9492000-7fbcb94b5000 rw-p 00baf000 08:04 788427                     /usr/lib/jvm/java-7-openjdk-amd64/jre/lib/amd64/server/libjvm.so
7fbcb94b5000-7fbcb94e3000 rw-p 00000000 00:00 0 
7fbcb94e3000-7fbcb94fb000 r-xp 00000000 08:04 171359                     /lib/x86_64-linux-gnu/libz.so.1.2.8
7fbcb94fb000-7fbcb96fa000 ---p 00018000 08:04 171359                     /lib/x86_64-linux-gnu/libz.so.1.2.8
7fbcb96fa000-7fbcb96fb000 r--p 00017000 08:04 171359                     /lib/x86_64-linux-gnu/libz.so.1.2.8
7fbcb96fb000-7fbcb96fc000 rw-p 00018000 08:04 171359                     /lib/x86_64-linux-gnu/libz.so.1.2.8
7fbcb96fc000-7fbcb9715000 r-xp 00000000 08:04 169535                     /lib/x86_64-linux-gnu/libpthread-2.19.so
7fbcb9715000-7fbcb9914000 ---p 00019000 08:04 169535                     /lib/x86_64-linux-gnu/libpthread-2.19.so
7fbcb9914000-7fbcb9915000 r--p 00018000 08:04 169535                     /lib/x86_64-linux-gnu/libpthread-2.19.so
7fbcb9915000-7fbcb9916000 rw-p 00019000 08:04 169535                     /lib/x86_64-linux-gnu/libpthread-2.19.so
7fbcb9916000-7fbcb991a000 rw-p 00000000 00:00 0 
7fbcb991a000-7fbcb991d000 r-xp 00000000 08:04 169534                     /lib/x86_64-linux-gnu/libdl-2.19.so
7fbcb991d000-7fbcb9b1c000 ---p 00003000 08:04 169534                     /lib/x86_64-linux-gnu/libdl-2.19.so
7fbcb9b1c000-7fbcb9b1d000 r--p 00002000 08:04 169534                     /lib/x86_64-linux-gnu/libdl-2.19.so
7fbcb9b1d000-7fbcb9b1e000 rw-p 00003000 08:04 169534                     /lib/x86_64-linux-gnu/libdl-2.19.so
7fbcb9b1e000-7fbcb9cd9000 r-xp 00000000 08:04 169522                     /lib/x86_64-linux-gnu/libc-2.19.so
7fbcb9cd9000-7fbcb9ed9000 ---p 001bb000 08:04 169522                     /lib/x86_64-linux-gnu/libc-2.19.so
7fbcb9ed9000-7fbcb9edd000 r--p 001bb000 08:04 169522                     /lib/x86_64-linux-gnu/libc-2.19.so
7fbcb9edd000-7fbcb9edf000 rw-p 001bf000 08:04 169522                     /lib/x86_64-linux-gnu/libc-2.19.so
7fbcb9edf000-7fbcb9ee4000 rw-p 00000000 00:00 0 
7fbcb9ee4000-7fbcb9ef1000 r-xp 00000000 08:04 788397                     /usr/lib/jvm/java-7-openjdk-amd64/jre/lib/amd64/jli/libjli.so
7fbcb9ef1000-7fbcba0f0000 ---p 0000d000 08:04 788397                     /usr/lib/jvm/java-7-openjdk-amd64/jre/lib/amd64/jli/libjli.so
7fbcba0f0000-7fbcba0f1000 r--p 0000c000 08:04 788397                     /usr/lib/jvm/java-7-openjdk-amd64/jre/lib/amd64/jli/libjli.so
7fbcba0f1000-7fbcba0f2000 rw-p 0000d000 08:04 788397                     /usr/lib/jvm/java-7-openjdk-amd64/jre/lib/amd64/jli/libjli.so
7fbcba0f2000-7fbcba115000 r-xp 00000000 08:04 169523                     /lib/x86_64-linux-gnu/ld-2.19.so
7fbcba115000-7fbcba116000 r--s 0000d000 08:04 671785                     /usr/share/java/commons-logging-1.1.3.jar
7fbcba116000-7fbcba11a000 r--s 0001c000 08:04 18872                      /usr/share/maven-repo/org/sonatype/aether/aether-util/1.13.1/aether-util-1.13.1.jar
7fbcba11a000-7fbcba11b000 r--s 00006000 08:04 684905                     /usr/share/java/plexus-sec-dispatcher.jar
7fbcba11b000-7fbcba11d000 r--s 0000a000 08:04 684939                     /usr/share/java/plexus-classworlds2-2.5.1.jar
7fbcba11d000-7fbcba11f000 r--s 00012000 08:04 788440                     /usr/lib/jvm/java-7-openjdk-amd64/jre/lib/ext/zipfs.jar
7fbcba11f000-7fbcba120000 r--s 00002000 08:04 788448                     /usr/lib/jvm/java-7-openjdk-amd64/jre/lib/ext/dnsns.jar
7fbcba120000-7fbcba123000 r--s 0000f000 08:04 788437                     /usr/lib/jvm/java-7-openjdk-amd64/jre/lib/ext/icedtea-sound.jar
7fbcba123000-7fbcba12d000 rw-p 00000000 00:00 0 
7fbcba12d000-7fbcba1e3000 rw-p 00000000 00:00 0 
7fbcba1e3000-7fbcba1e6000 ---p 00000000 00:00 0 
7fbcba1e6000-7fbcba2e9000 rw-p 00000000 00:00 0                          [stack:29752]
7fbcba2e9000-7fbcba2ed000 r--s 00034000 08:04 788446                     /usr/lib/jvm/java-7-openjdk-amd64/jre/lib/ext/sunjce_provider.jar
7fbcba2ed000-7fbcba2f1000 r--s 0003c000 08:04 788442                     /usr/lib/jvm/java-7-openjdk-amd64/jre/lib/ext/sunpkcs11.jar
7fbcba2f1000-7fbcba2f3000 r--s 00006000 08:04 705320                     /usr/share/java/java-atk-wrapper.jar
7fbcba2f3000-7fbcba2f7000 r--s 00085000 08:04 788444                     /usr/lib/jvm/java-7-openjdk-amd64/jre/lib/ext/localedata.jar
7fbcba2f7000-7fbcba308000 rw-p 00000000 00:00 0 
7fbcba308000-7fbcba310000 rw-s 00000000 08:04 391220                     /tmp/hsperfdata_kano_vas/29734
7fbcba310000-7fbcba311000 rw-p 00000000 00:00 0 
7fbcba311000-7fbcba312000 ---p 00000000 00:00 0 
7fbcba312000-7fbcba314000 rw-p 00000000 00:00 0 
7fbcba314000-7fbcba315000 r--p 00022000 08:04 169523                     /lib/x86_64-linux-gnu/ld-2.19.so
7fbcba315000-7fbcba316000 rw-p 00023000 08:04 169523                     /lib/x86_64-linux-gnu/ld-2.19.so
7fbcba316000-7fbcba317000 rw-p 00000000 00:00 0 
7fff350aa000-7fff350cc000 rw-p 00000000 00:00 0                          [stack]
7fff351fe000-7fff35200000 r-xp 00000000 00:00 0                          [vdso]
ffffffffff600000-ffffffffff601000 r-xp 00000000 00:00 0                  [vsyscall]

VM Arguments:
jvm_args: -Dclassworlds.conf=/usr/share/maven/bin/m2.conf -Dmaven.home=/usr/share/maven 
java_command: org.codehaus.plexus.classworlds.launcher.Launcher checkstyle:check
Launcher Type: SUN_STANDARD

Environment Variables:
JAVA_HOME=/usr/lib/jvm/java-7-openjdk-amd64
PATH=/usr/local/sbin:/usr/local/bin:/usr/sbin:/usr/bin:/sbin:/bin:/usr/games:/usr/local/games:/usr/bin/qmake-qt4:/usr/bin/qmake
SHELL=/bin/bash
DISPLAY=:0

Signal Handlers:
SIGSEGV: [libjvm.so+0x9495e0], sa_mask[0]=0x7ffbfeff, sa_flags=0x10000004
SIGBUS: [libjvm.so+0x9495e0], sa_mask[0]=0x7ffbfeff, sa_flags=0x10000004
SIGFPE: [libjvm.so+0x7c3410], sa_mask[0]=0x7ffbfeff, sa_flags=0x10000004
SIGPIPE: [libjvm.so+0x7c3410], sa_mask[0]=0x7ffbfeff, sa_flags=0x10000004
SIGXFSZ: [libjvm.so+0x7c3410], sa_mask[0]=0x7ffbfeff, sa_flags=0x10000004
SIGILL: [libjvm.so+0x7c3410], sa_mask[0]=0x7ffbfeff, sa_flags=0x10000004
SIGUSR1: SIG_DFL, sa_mask[0]=0x00000000, sa_flags=0x00000000
SIGUSR2: [libjvm.so+0x7c32b0], sa_mask[0]=0x00000000, sa_flags=0x10000004
SIGHUP: [libjvm.so+0x7c3490], sa_mask[0]=0x7ffbfeff, sa_flags=0x10000004
SIGINT: [libjvm.so+0x7c3490], sa_mask[0]=0x7ffbfeff, sa_flags=0x10000004
SIGTERM: [libjvm.so+0x7c3490], sa_mask[0]=0x7ffbfeff, sa_flags=0x10000004
SIGQUIT: [libjvm.so+0x7c3490], sa_mask[0]=0x7ffbfeff, sa_flags=0x10000004
SIGTRAP: SIG_DFL, sa_mask[0]=0x00000000, sa_flags=0x00000000


---------------  S Y S T E M  ---------------

OS:Ubuntu 14.04 (trusty)
uname:Linux 3.13.0-37-generic #64-Ubuntu SMP Mon Sep 22 21:28:38 UTC 2014 x86_64
libc:glibc 2.19 NPTL 2.19 
rlimit: STACK 8192k, CORE 0k, NPROC 15705, NOFILE 4096, AS infinity
load average:1.72 1.62 1.58

/proc/meminfo:
MemTotal:        2040024 kB
MemFree:           74320 kB
Buffers:             472 kB
Cached:           173824 kB
SwapCached:            0 kB
Active:          1668248 kB
Inactive:         141580 kB
Active(anon):    1654584 kB
Inactive(anon):   128252 kB
Active(file):      13664 kB
Inactive(file):    13328 kB
Unevictable:          96 kB
Mlocked:              96 kB
SwapTotal:             0 kB
SwapFree:              0 kB
Dirty:               156 kB
Writeback:             0 kB
AnonPages:       1635884 kB
Mapped:            73720 kB
Shmem:            147048 kB
Slab:              63616 kB
SReclaimable:      25360 kB
SUnreclaim:        38256 kB
KernelStack:        5024 kB
PageTables:        45832 kB
NFS_Unstable:          0 kB
Bounce:                0 kB
WritebackTmp:          0 kB
CommitLimit:     1020012 kB
Committed_AS:    4918056 kB
VmallocTotal:   34359738367 kB
VmallocUsed:      536920 kB
VmallocChunk:   34359192012 kB
HardwareCorrupted:     0 kB
AnonHugePages:    137216 kB
HugePages_Total:       0
HugePages_Free:        0
HugePages_Rsvd:        0
HugePages_Surp:        0
Hugepagesize:       2048 kB
DirectMap4k:      233984 kB
DirectMap2M:     1853440 kB


CPU:total 4 (2 cores per cpu, 2 threads per core) family 6 model 28 stepping 10, cmov, cx8, fxsr, mmx, sse, sse2, sse3, ssse3, ht, tsc

/proc/cpuinfo:
processor	: 0
vendor_id	: GenuineIntel
cpu family	: 6
model		: 28
model name	: Intel(R) Atom(TM) CPU N570   @ 1.66GHz
stepping	: 10
microcode	: 0x107
cpu MHz		: 1667.000
cache size	: 512 KB
physical id	: 0
siblings	: 4
core id		: 0
cpu cores	: 2
apicid		: 0
initial apicid	: 0
fpu		: yes
fpu_exception	: yes
cpuid level	: 10
wp		: yes
flags		: fpu vme de pse tsc msr pae mce cx8 apic sep mtrr pge mca cmov pat pse36 clflush dts acpi mmx fxsr sse sse2 ss ht tm pbe syscall nx lm constant_tsc arch_perfmon pebs bts rep_good nopl aperfmperf pni dtes64 monitor ds_cpl vmx est tm2 ssse3 cx16 xtpr pdcm movbe lahf_lm dtherm tpr_shadow vnmi flexpriority
bogomips	: 3329.63
clflush size	: 64
cache_alignment	: 64
address sizes	: 36 bits physical, 48 bits virtual
power management:

processor	: 1
vendor_id	: GenuineIntel
cpu family	: 6
model		: 28
model name	: Intel(R) Atom(TM) CPU N570   @ 1.66GHz
stepping	: 10
microcode	: 0x107
cpu MHz		: 1333.000
cache size	: 512 KB
physical id	: 0
siblings	: 4
core id		: 1
cpu cores	: 2
apicid		: 2
initial apicid	: 2
fpu		: yes
fpu_exception	: yes
cpuid level	: 10
wp		: yes
flags		: fpu vme de pse tsc msr pae mce cx8 apic sep mtrr pge mca cmov pat pse36 clflush dts acpi mmx fxsr sse sse2 ss ht tm pbe syscall nx lm constant_tsc arch_perfmon pebs bts nopl aperfmperf pni dtes64 monitor ds_cpl vmx est tm2 ssse3 cx16 xtpr pdcm movbe lahf_lm dtherm tpr_shadow vnmi flexpriority
bogomips	: 3329.63
clflush size	: 64
cache_alignment	: 64
address sizes	: 36 bits physical, 48 bits virtual
power management:

processor	: 2
vendor_id	: GenuineIntel
cpu family	: 6
model		: 28
model name	: Intel(R) Atom(TM) CPU N570   @ 1.66GHz
stepping	: 10
microcode	: 0x107
cpu MHz		: 1000.000
cache size	: 512 KB
physical id	: 0
siblings	: 4
core id		: 0
cpu cores	: 2
apicid		: 1
initial apicid	: 1
fpu		: yes
fpu_exception	: yes
cpuid level	: 10
wp		: yes
flags		: fpu vme de pse tsc msr pae mce cx8 apic sep mtrr pge mca cmov pat pse36 clflush dts acpi mmx fxsr sse sse2 ss ht tm pbe syscall nx lm constant_tsc arch_perfmon pebs bts nopl aperfmperf pni dtes64 monitor ds_cpl vmx est tm2 ssse3 cx16 xtpr pdcm movbe lahf_lm dtherm tpr_shadow vnmi flexpriority
bogomips	: 3329.63
clflush size	: 64
cache_alignment	: 64
address sizes	: 36 bits physical, 48 bits virtual
power management:

processor	: 3
vendor_id	: GenuineIntel
cpu family	: 6
model		: 28
model name	: Intel(R) Atom(TM) CPU N570   @ 1.66GHz
stepping	: 10
microcode	: 0x107
cpu MHz		: 1000.000
cache size	: 512 KB
physical id	: 0
siblings	: 4
core id		: 1
cpu cores	: 2
apicid		: 3
initial apicid	: 3
fpu		: yes
fpu_exception	: yes
cpuid level	: 10
wp		: yes
flags		: fpu vme de pse tsc msr pae mce cx8 apic sep mtrr pge mca cmov pat pse36 clflush dts acpi mmx fxsr sse sse2 ss ht tm pbe syscall nx lm constant_tsc arch_perfmon pebs bts nopl aperfmperf pni dtes64 monitor ds_cpl vmx est tm2 ssse3 cx16 xtpr pdcm movbe lahf_lm dtherm tpr_shadow vnmi flexpriority
bogomips	: 3329.63
clflush size	: 64
cache_alignment	: 64
address sizes	: 36 bits physical, 48 bits virtual
power management:



Memory: 4k page, physical 2040024k(74112k free), swap 0k(0k free)

vm_info: OpenJDK 64-Bit Server VM (24.65-b04) for linux-amd64 JRE (1.7.0_65-b32), built on Oct 22 2014 04:37:44 by "buildd" with gcc 4.8.2

time: Mon Oct 27 18:09:50 2014
elapsed time: 31 seconds

